<?xml version="1.0" encoding="UTF-8"?>
<testsuite name="com.telRan.addressbook.tests.GroupDeletionTests" tests="1" skipped="0" failures="0" errors="0" timestamp="2018-10-29T17:02:51" hostname="Lena-Toshiba" time="0.606">
  <properties/>
  <testcase name="testGroupDeletion" classname="com.telRan.addressbook.tests.GroupDeletionTests" time="0.606"/>
  <system-out><![CDATA[]]></system-out>
  <system-err><![CDATA[]]></system-err>
</testsuite>
