<?xml version="1.0" encoding="UTF-8"?>
<testsuite name="com.telRan.addressbook.tests.GroupModificationTests" tests="1" skipped="0" failures="0" errors="0" timestamp="2018-10-29T17:02:51" hostname="Lena-Toshiba" time="1.471">
  <properties/>
  <testcase name="testGroupModification" classname="com.telRan.addressbook.tests.GroupModificationTests" time="1.471"/>
  <system-out><![CDATA[]]></system-out>
  <system-err><![CDATA[]]></system-err>
</testsuite>
